Determining if the pthread_create exist failed with the following output:
Change Dir: /home/zhong/version_1_hand/version1_ws/build/CMakeFiles/CMakeTmp

Run Build Command:/usr/bin/make "cmTryCompileExec831941449/fast"
/usr/bin/make -f CMakeFiles/cmTryCompileExec831941449.dir/build.make CMakeFiles/cmTryCompileExec831941449.dir/build
make[1]: Entering directory `/home/zhong/version_1_hand/version1_ws/build/CMakeFiles/CMakeTmp'
/usr/bin/cmake -E cmake_progress_report /home/zhong/version_1_hand/version1_ws/build/CMakeFiles/CMakeTmp/CMakeFiles 1
Building C object CMakeFiles/cmTryCompileExec831941449.dir/CheckSymbolExists.c.o
/usr/bin/cc    -o CMakeFiles/cmTryCompileExec831941449.dir/CheckSymbolExists.c.o   -c /home/zhong/version_1_hand/version1_ws/build/CMakeFiles/CMakeTmp/CheckSymbolExists.c
Linking C executable cmTryCompileExec831941449
/usr/bin/cmake -E cmake_link_script CMakeFiles/cmTryCompileExec831941449.dir/link.txt --verbose=1
/usr/bin/cc       CMakeFiles/cmTryCompileExec831941449.dir/CheckSymbolExists.c.o  -o cmTryCompileExec831941449 -rdynamic 
CMakeFiles/cmTryCompileExec831941449.dir/CheckSymbolExists.c.o: In function `main':
CheckSymbolExists.c:(.text+0x16): undefined reference to `pthread_create'
collect2: error: ld returned 1 exit status
make[1]: *** [cmTryCompileExec831941449] Error 1
make[1]: Leaving directory `/home/zhong/version_1_hand/version1_ws/build/CMakeFiles/CMakeTmp'
make: *** [cmTryCompileExec831941449/fast] Error 2

File /home/zhong/version_1_hand/version1_ws/build/CMakeFiles/CMakeTmp/CheckSymbolExists.c:
/* */
#include <pthread.h>

int main(int argc, char** argv)
{
  (void)argv;
#ifndef pthread_create
  return ((int*)(&pthread_create))[argc];
#else
  (void)argc;
  return 0;
#endif
}

Determining if the function pthread_create exists in the pthreads failed with the following output:
Change Dir: /home/zhong/version_1_hand/version1_ws/build/CMakeFiles/CMakeTmp

Run Build Command:/usr/bin/make "cmTryCompileExec2913609566/fast"
/usr/bin/make -f CMakeFiles/cmTryCompileExec2913609566.dir/build.make CMakeFiles/cmTryCompileExec2913609566.dir/build
make[1]: Entering directory `/home/zhong/version_1_hand/version1_ws/build/CMakeFiles/CMakeTmp'
/usr/bin/cmake -E cmake_progress_report /home/zhong/version_1_hand/version1_ws/build/CMakeFiles/CMakeTmp/CMakeFiles 1
Building C object CMakeFiles/cmTryCompileExec2913609566.dir/CheckFunctionExists.c.o
/usr/bin/cc   -DCHECK_FUNCTION_EXISTS=pthread_create   -o CMakeFiles/cmTryCompileExec2913609566.dir/CheckFunctionExists.c.o   -c /usr/share/cmake-2.8/Modules/CheckFunctionExists.c
Linking C executable cmTryCompileExec2913609566
/usr/bin/cmake -E cmake_link_script CMakeFiles/cmTryCompileExec2913609566.dir/link.txt --verbose=1
/usr/bin/cc   -DCHECK_FUNCTION_EXISTS=pthread_create    CMakeFiles/cmTryCompileExec2913609566.dir/CheckFunctionExists.c.o  -o cmTryCompileExec2913609566 -rdynamic -lpthreads 
/usr/bin/ld: cannot find -lpthreads
collect2: error: ld returned 1 exit status
make[1]: *** [cmTryCompileExec2913609566] Error 1
make[1]: Leaving directory `/home/zhong/version_1_hand/version1_ws/build/CMakeFiles/CMakeTmp'
make: *** [cmTryCompileExec2913609566/fast] Error 2


